<?xml version="1.0" encoding="UTF-8"?>
<!-- Generated by org.testng.reporters.JUnitXMLReporter -->
<testsuite ignored="0" hostname="DESKTOP-73VT5SL" failures="0" tests="3" name="Default test" time="95.795" errors="0" timestamp="2024-10-09T13:13:22 IST">
  <testcase classname="smoke_suite.ALC_5661" name="upload_resource" time="31.066"/>
  <testcase classname="smoke_suite.ALC_5661" name="openImpactHub" time="25.338"/>
  <testcase classname="smoke_suite.ALC_5661" name="downloadFile" time="10.21"/>
</testsuite> <!-- Default test -->
