<?xml version="1.0" encoding="UTF-8"?>
<!-- Generated by org.testng.reporters.JUnitXMLReporter -->
<testsuite ignored="110" hostname="DESKTOP-73VT5SL" failures="1" tests="34" name="Test" time="3423.891" errors="0" timestamp="2024-10-07T16:49:15 IST">
  <testcase classname="smoke_suite.ALC_6692" name="deliverall" time="206.785"/>
  <testcase classname="smoke_suite.ALC_6692" name="test1" time="77.392"/>
  <testcase classname="smoke_suite.ALC_6692" name="deliverselected" time="172.311"/>
  <testcase classname="smoke_suite.ALC_6692" name="test2" time="44.066"/>
  <testcase classname="smoke_suite.ALC_6692" name="test3" time="74.744"/>
  <testcase classname="smoke_suite.ALC_4363" name="Approve_transactions_branch_exchange_history_Verify_In_BonusApproval" time="391.31"/>
  <testcase classname="smoke_suite.ALC_4356" name="createDataAndPerformTransaction" time="212.895"/>
  <testcase classname="smoke_suite.ALC_4356" name="createOrder" time="44.341"/>
  <testcase classname="smoke_suite.ALC_4356" name="updateOrder" time="19.766"/>
  <testcase classname="smoke_suite.ALC_4356" name="addTransactionInExcHistoryAndVerifyBonus" time="77.303"/>
  <testcase classname="smoke_suite.ALC_4356" name="verify_TotalKg" time="68.186"/>
  <testcase classname="smoke_suite.ALC_4355" name="createBonus" time="57.925"/>
  <testcase classname="smoke_suite.ALC_4355" name="editbonus" time="4.417"/>
  <testcase classname="smoke_suite.ALC_4353" name="loginAlchmey" time="61.282"/>
  <testcase classname="smoke_suite.ALC_4353" name="createNewBrand" time="36.149"/>
  <testcase classname="smoke_suite.ALC_4353" name="searchNewlyCreatedBrandInBonus" time="62.81"/>
  <testcase classname="smoke_suite.ALC_4362" name="Approve_transactions_In_Bonus_Sell_Buy_Verify_In_BranchExchangeHistory" time="339.247"/>
  <testcase classname="smoke_suite.ALC_666" name="createDataAndPerformTransaction" time="425.619"/>
  <testcase classname="smoke_suite.ALC_666" name="createOrder" time="67.862"/>
  <testcase classname="smoke_suite.ALC_666" name="addBonusToOrder666" time="31.196"/>
  <testcase classname="smoke_suite.ALC_666" name="verifyValuesAfterBonusAdded" time="3.717"/>
  <testcase classname="smoke_suite.ALC_666" name="verifyAuditTrails" time="64.831"/>
  <testcase classname="smoke_suite.ALC_666" name="detachConnectedBonus" time="13.125"/>
  <testcase classname="smoke_suite.ALC_5649" name="verify" time="314.928">
    <failure type="java.lang.AssertionError" message="expected [true] but found [false]">
      <![CDATA[java.lang.AssertionError: expected [true] but found [false]
at alchemy_Pages.Impact_Hub.downloadMemberStoriesAsset(Impact_Hub.java:667)
at smoke_suite.ALC_5649.verify(ALC_5649.java:16)
at java.base/java.util.ArrayList.forEach(ArrayList.java:1511)
... Removed 30 stack frames]]>
    </failure>
  </testcase> <!-- verify -->
  <testcase classname="smoke_suite.ALC_5650" name="preconditions" time="20.058"/>
  <testcase classname="smoke_suite.ALC_5650" name="checkcopybutton" time="27.386"/>
  <testcase classname="smoke_suite.ALC_5651" name="verify_User_can_see_certificates" time="16.109"/>
  <testcase classname="smoke_suite.ALC_5661" name="upload_resource" time="14.328"/>
  <testcase classname="smoke_suite.ALC_5661" name="openImpactHub" time="24.326"/>
  <testcase classname="smoke_suite.ALC_5661" name="downloadFile" time="10.185"/>
  <testcase classname="smoke_suite.ALC_6693" name="deliverall" time="95.99"/>
  <testcase classname="smoke_suite.ALC_6693" name="test1" time="59.844"/>
  <testcase classname="smoke_suite.ALC_6693" name="deliverselected" time="86.528"/>
  <testcase classname="smoke_suite.ALC_6693" name="test2" time="33.853"/>
  <testcase classname="Utilities.BaseClass" name="@BeforeSuite generateBrandName" time="0.0">
    <ignored/>
  </testcase> <!-- @BeforeSuite generateBrandName -->
  <testcase classname="Utilities.BaseClass" name="@BeforeSuite generateRandomLastName" time="0.0">
    <ignored/>
  </testcase> <!-- @BeforeSuite generateRandomLastName -->
  <testcase classname="Utilities.BaseClass" name="@BeforeSuite generateBenefitName" time="0.0">
    <ignored/>
  </testcase> <!-- @BeforeSuite generateBenefitName -->
  <testcase classname="Utilities.BaseClass" name="@BeforeSuite generateBrandName" time="0.0">
    <ignored/>
  </testcase> <!-- @BeforeSuite generateBrandName -->
  <testcase classname="Utilities.BaseClass" name="@BeforeSuite generateBenefitName" time="0.0">
    <ignored/>
  </testcase> <!-- @BeforeSuite generateBenefitName -->
  <testcase classname="Utilities.BaseClass" name="@BeforeSuite generateBenefitName" time="0.0">
    <ignored/>
  </testcase> <!-- @BeforeSuite generateBenefitName -->
  <testcase classname="Utilities.BaseClass" name="@BeforeSuite generateBranchName" time="0.0">
    <ignored/>
  </testcase> <!-- @BeforeSuite generateBranchName -->
  <testcase classname="Utilities.BaseClass" name="@BeforeSuite generateBranchName" time="0.0">
    <ignored/>
  </testcase> <!-- @BeforeSuite generateBranchName -->
  <testcase classname="Utilities.BaseClass" name="@BeforeSuite generateAndroidBenefitname" time="0.0">
    <ignored/>
  </testcase> <!-- @BeforeSuite generateAndroidBenefitname -->
  <testcase classname="Utilities.BaseClass" name="@BeforeSuite generateBranchMemberName" time="0.0">
    <ignored/>
  </testcase> <!-- @BeforeSuite generateBranchMemberName -->
  <testcase classname="Utilities.BaseClass" name="@BeforeSuite generateRandomBranchMemberNumber" time="0.0">
    <ignored/>
  </testcase> <!-- @BeforeSuite generateRandomBranchMemberNumber -->
  <testcase classname="Utilities.BaseClass" name="@BeforeSuite generateBonusName" time="0.0">
    <ignored/>
  </testcase> <!-- @BeforeSuite generateBonusName -->
  <testcase classname="Utilities.BaseClass" name="@BeforeSuite generateBonusName" time="0.0">
    <ignored/>
  </testcase> <!-- @BeforeSuite generateBonusName -->
  <testcase classname="Utilities.BaseClass" name="@BeforeSuite generateBranchName" time="0.0">
    <ignored/>
  </testcase> <!-- @BeforeSuite generateBranchName -->
  <testcase classname="Utilities.BaseClass" name="@BeforeSuite generateBrandName" time="0.0">
    <ignored/>
  </testcase> <!-- @BeforeSuite generateBrandName -->
  <testcase classname="Utilities.BaseClass" name="@BeforeSuite generateBenefitName" time="0.0">
    <ignored/>
  </testcase> <!-- @BeforeSuite generateBenefitName -->
  <testcase classname="Utilities.BaseClass" name="@BeforeSuite generateBonusName" time="0.0">
    <ignored/>
  </testcase> <!-- @BeforeSuite generateBonusName -->
  <testcase classname="Utilities.BaseClass" name="@BeforeSuite generateAndroidBenefitname" time="0.0">
    <ignored/>
  </testcase> <!-- @BeforeSuite generateAndroidBenefitname -->
  <testcase classname="Utilities.BaseClass" name="@BeforeSuite generateAndroidBenefitname" time="0.0">
    <ignored/>
  </testcase> <!-- @BeforeSuite generateAndroidBenefitname -->
  <testcase classname="Utilities.BaseClass" name="@BeforeSuite generateBranchName" time="0.0">
    <ignored/>
  </testcase> <!-- @BeforeSuite generateBranchName -->
  <testcase classname="Utilities.BaseClass" name="@BeforeSuite generateBrandName" time="0.0">
    <ignored/>
  </testcase> <!-- @BeforeSuite generateBrandName -->
  <testcase classname="Utilities.BaseClass" name="@BeforeSuite generateRandomBranchMemberNumber" time="0.0">
    <ignored/>
  </testcase> <!-- @BeforeSuite generateRandomBranchMemberNumber -->
  <testcase classname="Utilities.BaseClass" name="@BeforeSuite generateBenefitOrderName" time="0.0">
    <ignored/>
  </testcase> <!-- @BeforeSuite generateBenefitOrderName -->
  <testcase classname="Utilities.BaseClass" name="@BeforeSuite generateBenefitOrderName" time="0.0">
    <ignored/>
  </testcase> <!-- @BeforeSuite generateBenefitOrderName -->
  <testcase classname="Utilities.BaseClass" name="@BeforeSuite generateBrandName" time="0.0">
    <ignored/>
  </testcase> <!-- @BeforeSuite generateBrandName -->
  <testcase classname="Utilities.BaseClass" name="@BeforeSuite generateBenefitName" time="0.0">
    <ignored/>
  </testcase> <!-- @BeforeSuite generateBenefitName -->
  <testcase classname="Utilities.BaseClass" name="@BeforeSuite generateRandomNumber" time="0.0">
    <ignored/>
  </testcase> <!-- @BeforeSuite generateRandomNumber -->
  <testcase classname="Utilities.BaseClass" name="@BeforeSuite generateBonusName" time="0.0">
    <ignored/>
  </testcase> <!-- @BeforeSuite generateBonusName -->
  <testcase classname="Utilities.BaseClass" name="@BeforeSuite generateBranchName" time="0.0">
    <ignored/>
  </testcase> <!-- @BeforeSuite generateBranchName -->
  <testcase classname="Utilities.BaseClass" name="@BeforeSuite generateBranchName" time="0.0">
    <ignored/>
  </testcase> <!-- @BeforeSuite generateBranchName -->
  <testcase classname="Utilities.BaseClass" name="@BeforeSuite generateRandomBranchMemberNumber" time="0.0">
    <ignored/>
  </testcase> <!-- @BeforeSuite generateRandomBranchMemberNumber -->
  <testcase classname="Utilities.BaseClass" name="@BeforeSuite generateRandomBranchMemberNumber" time="0.0">
    <ignored/>
  </testcase> <!-- @BeforeSuite generateRandomBranchMemberNumber -->
  <testcase classname="Utilities.BaseClass" name="@BeforeSuite generateBranchMemberName" time="0.0">
    <ignored/>
  </testcase> <!-- @BeforeSuite generateBranchMemberName -->
  <testcase classname="Utilities.BaseClass" name="@BeforeSuite generateBonusName" time="0.0">
    <ignored/>
  </testcase> <!-- @BeforeSuite generateBonusName -->
  <testcase classname="Utilities.BaseClass" name="@BeforeSuite generateRandomNumber" time="0.0">
    <ignored/>
  </testcase> <!-- @BeforeSuite generateRandomNumber -->
  <testcase classname="Utilities.BaseClass" name="@BeforeSuite generateRandomLastName" time="0.0">
    <ignored/>
  </testcase> <!-- @BeforeSuite generateRandomLastName -->
  <testcase classname="Utilities.BaseClass" name="@BeforeSuite generateBranchName" time="0.0">
    <ignored/>
  </testcase> <!-- @BeforeSuite generateBranchName -->
  <testcase classname="Utilities.BaseClass" name="@BeforeSuite generateRandomLastName" time="0.0">
    <ignored/>
  </testcase> <!-- @BeforeSuite generateRandomLastName -->
  <testcase classname="Utilities.BaseClass" name="@BeforeSuite generateRandomLastName" time="0.0">
    <ignored/>
  </testcase> <!-- @BeforeSuite generateRandomLastName -->
  <testcase classname="Utilities.BaseClass" name="@BeforeSuite generateRandomNumber" time="0.0">
    <ignored/>
  </testcase> <!-- @BeforeSuite generateRandomNumber -->
  <testcase classname="Utilities.BaseClass" name="@BeforeSuite generateBrandName" time="0.0">
    <ignored/>
  </testcase> <!-- @BeforeSuite generateBrandName -->
  <testcase classname="Utilities.BaseClass" name="@BeforeSuite generateRandomBranchMemberNumber" time="0.0">
    <ignored/>
  </testcase> <!-- @BeforeSuite generateRandomBranchMemberNumber -->
  <testcase classname="Utilities.BaseClass" name="@BeforeSuite generateBranchMemberName" time="0.0">
    <ignored/>
  </testcase> <!-- @BeforeSuite generateBranchMemberName -->
  <testcase classname="Utilities.BaseClass" name="@BeforeSuite generateBonusName" time="0.0">
    <ignored/>
  </testcase> <!-- @BeforeSuite generateBonusName -->
  <testcase classname="Utilities.BaseClass" name="@BeforeSuite generateRandomNumber" time="0.0">
    <ignored/>
  </testcase> <!-- @BeforeSuite generateRandomNumber -->
  <testcase classname="Utilities.BaseClass" name="@BeforeSuite generateBenefitOrderName" time="0.0">
    <ignored/>
  </testcase> <!-- @BeforeSuite generateBenefitOrderName -->
  <testcase classname="Utilities.BaseClass" name="@BeforeSuite generateRandomNumber" time="0.0">
    <ignored/>
  </testcase> <!-- @BeforeSuite generateRandomNumber -->
  <testcase classname="Utilities.BaseClass" name="@BeforeSuite generateBranchMemberName" time="0.0">
    <ignored/>
  </testcase> <!-- @BeforeSuite generateBranchMemberName -->
  <testcase classname="Utilities.BaseClass" name="@BeforeSuite generateRandomBranchMemberNumber" time="0.0">
    <ignored/>
  </testcase> <!-- @BeforeSuite generateRandomBranchMemberNumber -->
  <testcase classname="Utilities.BaseClass" name="@BeforeSuite generateBenefitName" time="0.0">
    <ignored/>
  </testcase> <!-- @BeforeSuite generateBenefitName -->
  <testcase classname="Utilities.BaseClass" name="@BeforeSuite generateBranchMemberName" time="0.0">
    <ignored/>
  </testcase> <!-- @BeforeSuite generateBranchMemberName -->
  <testcase classname="Utilities.BaseClass" name="@BeforeSuite generateAndroidBenefitname" time="0.0">
    <ignored/>
  </testcase> <!-- @BeforeSuite generateAndroidBenefitname -->
  <testcase classname="Utilities.BaseClass" name="@BeforeSuite generateBranchMemberName" time="0.0">
    <ignored/>
  </testcase> <!-- @BeforeSuite generateBranchMemberName -->
  <testcase classname="Utilities.BaseClass" name="@BeforeSuite generateRandomBranchMemberNumber" time="0.0">
    <ignored/>
  </testcase> <!-- @BeforeSuite generateRandomBranchMemberNumber -->
  <testcase classname="Utilities.BaseClass" name="@BeforeSuite generateBonusName" time="0.0">
    <ignored/>
  </testcase> <!-- @BeforeSuite generateBonusName -->
  <testcase classname="Utilities.BaseClass" name="@BeforeSuite generateBenefitName" time="0.0">
    <ignored/>
  </testcase> <!-- @BeforeSuite generateBenefitName -->
  <testcase classname="Utilities.BaseClass" name="@BeforeSuite generateRandomNumber" time="0.0">
    <ignored/>
  </testcase> <!-- @BeforeSuite generateRandomNumber -->
  <testcase classname="Utilities.BaseClass" name="@BeforeSuite generateBonusName" time="0.0">
    <ignored/>
  </testcase> <!-- @BeforeSuite generateBonusName -->
  <testcase classname="Utilities.BaseClass" name="@BeforeSuite generateBonusName" time="0.0">
    <ignored/>
  </testcase> <!-- @BeforeSuite generateBonusName -->
  <testcase classname="Utilities.BaseClass" name="@BeforeSuite generateBenefitName" time="0.0">
    <ignored/>
  </testcase> <!-- @BeforeSuite generateBenefitName -->
  <testcase classname="Utilities.BaseClass" name="@BeforeSuite generateBranchName" time="0.0">
    <ignored/>
  </testcase> <!-- @BeforeSuite generateBranchName -->
  <testcase classname="Utilities.BaseClass" name="@BeforeSuite generateBranchName" time="0.0">
    <ignored/>
  </testcase> <!-- @BeforeSuite generateBranchName -->
  <testcase classname="Utilities.BaseClass" name="@BeforeSuite generateBrandName" time="0.0">
    <ignored/>
  </testcase> <!-- @BeforeSuite generateBrandName -->
  <testcase classname="Utilities.BaseClass" name="@BeforeSuite generateBenefitOrderName" time="0.0">
    <ignored/>
  </testcase> <!-- @BeforeSuite generateBenefitOrderName -->
  <testcase classname="Utilities.BaseClass" name="@BeforeSuite generateRandomLastName" time="0.0">
    <ignored/>
  </testcase> <!-- @BeforeSuite generateRandomLastName -->
  <testcase classname="Utilities.BaseClass" name="@BeforeSuite generateBenefitOrderName" time="0.0">
    <ignored/>
  </testcase> <!-- @BeforeSuite generateBenefitOrderName -->
  <testcase classname="Utilities.BaseClass" name="@BeforeSuite generateAndroidBenefitname" time="0.0">
    <ignored/>
  </testcase> <!-- @BeforeSuite generateAndroidBenefitname -->
  <testcase classname="Utilities.BaseClass" name="@BeforeSuite generateAndroidBenefitname" time="0.0">
    <ignored/>
  </testcase> <!-- @BeforeSuite generateAndroidBenefitname -->
  <testcase classname="Utilities.BaseClass" name="@BeforeSuite generateAndroidBenefitname" time="0.0">
    <ignored/>
  </testcase> <!-- @BeforeSuite generateAndroidBenefitname -->
  <testcase classname="Utilities.BaseClass" name="@BeforeSuite generateRandomNumber" time="0.0">
    <ignored/>
  </testcase> <!-- @BeforeSuite generateRandomNumber -->
  <testcase classname="Utilities.BaseClass" name="@BeforeSuite generateBenefitOrderName" time="0.0">
    <ignored/>
  </testcase> <!-- @BeforeSuite generateBenefitOrderName -->
  <testcase classname="Utilities.BaseClass" name="@BeforeSuite generateBranchName" time="0.0">
    <ignored/>
  </testcase> <!-- @BeforeSuite generateBranchName -->
  <testcase classname="Utilities.BaseClass" name="@BeforeSuite generateBenefitName" time="0.0">
    <ignored/>
  </testcase> <!-- @BeforeSuite generateBenefitName -->
  <testcase classname="Utilities.BaseClass" name="@BeforeSuite generateRandomLastName" time="0.0">
    <ignored/>
  </testcase> <!-- @BeforeSuite generateRandomLastName -->
  <testcase classname="Utilities.BaseClass" name="@BeforeSuite generateAndroidBenefitname" time="0.0">
    <ignored/>
  </testcase> <!-- @BeforeSuite generateAndroidBenefitname -->
  <testcase classname="Utilities.BaseClass" name="@BeforeSuite generateBenefitOrderName" time="0.0">
    <ignored/>
  </testcase> <!-- @BeforeSuite generateBenefitOrderName -->
  <testcase classname="Utilities.BaseClass" name="@BeforeSuite generateRandomBranchMemberNumber" time="0.0">
    <ignored/>
  </testcase> <!-- @BeforeSuite generateRandomBranchMemberNumber -->
  <testcase classname="Utilities.BaseClass" name="@BeforeSuite generateBenefitName" time="0.0">
    <ignored/>
  </testcase> <!-- @BeforeSuite generateBenefitName -->
  <testcase classname="Utilities.BaseClass" name="@BeforeSuite generateAndroidBenefitname" time="0.0">
    <ignored/>
  </testcase> <!-- @BeforeSuite generateAndroidBenefitname -->
  <testcase classname="Utilities.BaseClass" name="@BeforeSuite generateBranchMemberName" time="0.0">
    <ignored/>
  </testcase> <!-- @BeforeSuite generateBranchMemberName -->
  <testcase classname="Utilities.BaseClass" name="@BeforeSuite generateBenefitOrderName" time="0.0">
    <ignored/>
  </testcase> <!-- @BeforeSuite generateBenefitOrderName -->
  <testcase classname="Utilities.BaseClass" name="@BeforeSuite generateRandomLastName" time="0.0">
    <ignored/>
  </testcase> <!-- @BeforeSuite generateRandomLastName -->
  <testcase classname="Utilities.BaseClass" name="@BeforeSuite generateAndroidBenefitname" time="0.0">
    <ignored/>
  </testcase> <!-- @BeforeSuite generateAndroidBenefitname -->
  <testcase classname="Utilities.BaseClass" name="@BeforeSuite generateAndroidBenefitname" time="0.0">
    <ignored/>
  </testcase> <!-- @BeforeSuite generateAndroidBenefitname -->
  <testcase classname="Utilities.BaseClass" name="@BeforeSuite generateBrandName" time="0.0">
    <ignored/>
  </testcase> <!-- @BeforeSuite generateBrandName -->
  <testcase classname="Utilities.BaseClass" name="@BeforeSuite generateRandomLastName" time="0.0">
    <ignored/>
  </testcase> <!-- @BeforeSuite generateRandomLastName -->
  <testcase classname="Utilities.BaseClass" name="@BeforeSuite generateBrandName" time="0.0">
    <ignored/>
  </testcase> <!-- @BeforeSuite generateBrandName -->
  <testcase classname="Utilities.BaseClass" name="@BeforeSuite generateBenefitOrderName" time="0.0">
    <ignored/>
  </testcase> <!-- @BeforeSuite generateBenefitOrderName -->
  <testcase classname="Utilities.BaseClass" name="@BeforeSuite generateBonusName" time="0.0">
    <ignored/>
  </testcase> <!-- @BeforeSuite generateBonusName -->
  <testcase classname="Utilities.BaseClass" name="@BeforeSuite generateRandomLastName" time="0.0">
    <ignored/>
  </testcase> <!-- @BeforeSuite generateRandomLastName -->
  <testcase classname="Utilities.BaseClass" name="@BeforeSuite generateRandomBranchMemberNumber" time="0.0">
    <ignored/>
  </testcase> <!-- @BeforeSuite generateRandomBranchMemberNumber -->
  <testcase classname="Utilities.BaseClass" name="@BeforeSuite generateBenefitName" time="0.0">
    <ignored/>
  </testcase> <!-- @BeforeSuite generateBenefitName -->
  <testcase classname="Utilities.BaseClass" name="@BeforeSuite generateRandomNumber" time="0.0">
    <ignored/>
  </testcase> <!-- @BeforeSuite generateRandomNumber -->
  <testcase classname="Utilities.BaseClass" name="@BeforeSuite generateBranchMemberName" time="0.0">
    <ignored/>
  </testcase> <!-- @BeforeSuite generateBranchMemberName -->
  <testcase classname="Utilities.BaseClass" name="@BeforeSuite generateBrandName" time="0.0">
    <ignored/>
  </testcase> <!-- @BeforeSuite generateBrandName -->
  <testcase classname="Utilities.BaseClass" name="@BeforeSuite generateBenefitOrderName" time="0.0">
    <ignored/>
  </testcase> <!-- @BeforeSuite generateBenefitOrderName -->
  <testcase classname="Utilities.BaseClass" name="@BeforeSuite generateBranchMemberName" time="0.0">
    <ignored/>
  </testcase> <!-- @BeforeSuite generateBranchMemberName -->
  <testcase classname="Utilities.BaseClass" name="@BeforeSuite generateRandomBranchMemberNumber" time="0.0">
    <ignored/>
  </testcase> <!-- @BeforeSuite generateRandomBranchMemberNumber -->
  <testcase classname="Utilities.BaseClass" name="@BeforeSuite generateRandomNumber" time="0.0">
    <ignored/>
  </testcase> <!-- @BeforeSuite generateRandomNumber -->
  <testcase classname="Utilities.BaseClass" name="@BeforeSuite generateRandomLastName" time="0.0">
    <ignored/>
  </testcase> <!-- @BeforeSuite generateRandomLastName -->
  <testcase classname="Utilities.BaseClass" name="@BeforeSuite generateBonusName" time="0.0">
    <ignored/>
  </testcase> <!-- @BeforeSuite generateBonusName -->
  <testcase classname="Utilities.BaseClass" name="@BeforeSuite generateBranchName" time="0.0">
    <ignored/>
  </testcase> <!-- @BeforeSuite generateBranchName -->
  <testcase classname="Utilities.BaseClass" name="@BeforeSuite generateBenefitOrderName" time="0.0">
    <ignored/>
  </testcase> <!-- @BeforeSuite generateBenefitOrderName -->
  <testcase classname="Utilities.BaseClass" name="@BeforeSuite generateRandomNumber" time="0.0">
    <ignored/>
  </testcase> <!-- @BeforeSuite generateRandomNumber -->
  <testcase classname="Utilities.BaseClass" name="@BeforeSuite generateRandomBranchMemberNumber" time="0.0">
    <ignored/>
  </testcase> <!-- @BeforeSuite generateRandomBranchMemberNumber -->
  <testcase classname="Utilities.BaseClass" name="@BeforeSuite generateBranchMemberName" time="0.0">
    <ignored/>
  </testcase> <!-- @BeforeSuite generateBranchMemberName -->
  <testcase classname="Utilities.BaseClass" name="@BeforeSuite generateRandomNumber" time="0.0">
    <ignored/>
  </testcase> <!-- @BeforeSuite generateRandomNumber -->
  <testcase classname="Utilities.BaseClass" name="@BeforeSuite generateRandomLastName" time="0.0">
    <ignored/>
  </testcase> <!-- @BeforeSuite generateRandomLastName -->
  <testcase classname="Utilities.BaseClass" name="@BeforeSuite generateBranchMemberName" time="0.0">
    <ignored/>
  </testcase> <!-- @BeforeSuite generateBranchMemberName -->
  <testcase classname="Utilities.BaseClass" name="@BeforeSuite generateBrandName" time="0.0">
    <ignored/>
  </testcase> <!-- @BeforeSuite generateBrandName -->
</testsuite> <!-- Test -->
