<?xml version="1.0" encoding="UTF-8"?>
<testng-results ignored="0" total="1" passed="1" failed="0" skipped="0">
  <reporter-output>
  </reporter-output>
  <suite started-at="2024-10-07T16:54:03 IST" name="Default suite" finished-at="2024-10-07T17:05:34 IST" duration-ms="690479">
    <groups>
    </groups>
    <test started-at="2024-10-07T16:54:03 IST" name="Default test" finished-at="2024-10-07T17:05:34 IST" duration-ms="690479">
      <class name="smoke_suite.ALC_5649">
        <test-method is-config="true" signature="generateAndroidBenefitname()[pri:0, instance:smoke_suite.ALC_5649@6b0d80ed]" started-at="2024-10-07T16:54:03 IST" name="generateAndroidBenefitname" finished-at="2024-10-07T16:54:03 IST" duration-ms="16" status="PASS">
          <reporter-output>
          </reporter-output>
        </test-method> <!-- generateAndroidBenefitname -->
        <test-method is-config="true" signature="generateBenefitName()[pri:0, instance:smoke_suite.ALC_5649@6b0d80ed]" started-at="2024-10-07T16:54:03 IST" name="generateBenefitName" finished-at="2024-10-07T16:54:03 IST" duration-ms="1" status="PASS">
          <reporter-output>
          </reporter-output>
        </test-method> <!-- generateBenefitName -->
        <test-method is-config="true" signature="generateBenefitOrderName()[pri:0, instance:smoke_suite.ALC_5649@6b0d80ed]" started-at="2024-10-07T16:54:03 IST" name="generateBenefitOrderName" finished-at="2024-10-07T16:54:03 IST" duration-ms="1" status="PASS">
          <reporter-output>
          </reporter-output>
        </test-method> <!-- generateBenefitOrderName -->
        <test-method is-config="true" signature="generateBranchMemberName()[pri:0, instance:smoke_suite.ALC_5649@6b0d80ed]" started-at="2024-10-07T16:54:03 IST" name="generateBranchMemberName" finished-at="2024-10-07T16:54:03 IST" duration-ms="1" status="PASS">
          <reporter-output>
          </reporter-output>
        </test-method> <!-- generateBranchMemberName -->
        <test-method is-config="true" signature="generateBonusName()[pri:0, instance:smoke_suite.ALC_5649@6b0d80ed]" started-at="2024-10-07T16:54:03 IST" name="generateBonusName" finished-at="2024-10-07T16:54:03 IST" duration-ms="0" status="PASS">
          <reporter-output>
          </reporter-output>
        </test-method> <!-- generateBonusName -->
        <test-method is-config="true" signature="generateBranchName()[pri:0, instance:smoke_suite.ALC_5649@6b0d80ed]" started-at="2024-10-07T16:54:03 IST" name="generateBranchName" finished-at="2024-10-07T16:54:03 IST" duration-ms="0" status="PASS">
          <reporter-output>
          </reporter-output>
        </test-method> <!-- generateBranchName -->
        <test-method is-config="true" signature="generateBrandName()[pri:0, instance:smoke_suite.ALC_5649@6b0d80ed]" started-at="2024-10-07T16:54:03 IST" name="generateBrandName" finished-at="2024-10-07T16:54:03 IST" duration-ms="0" status="PASS">
          <reporter-output>
          </reporter-output>
        </test-method> <!-- generateBrandName -->
        <test-method is-config="true" signature="generateRandomBranchMemberNumber()[pri:0, instance:smoke_suite.ALC_5649@6b0d80ed]" started-at="2024-10-07T16:54:03 IST" name="generateRandomBranchMemberNumber" finished-at="2024-10-07T16:54:03 IST" duration-ms="0" status="PASS">
          <reporter-output>
          </reporter-output>
        </test-method> <!-- generateRandomBranchMemberNumber -->
        <test-method is-config="true" signature="generateRandomLastName()[pri:0, instance:smoke_suite.ALC_5649@6b0d80ed]" started-at="2024-10-07T16:54:03 IST" name="generateRandomLastName" finished-at="2024-10-07T16:54:03 IST" duration-ms="0" status="PASS">
          <reporter-output>
          </reporter-output>
        </test-method> <!-- generateRandomLastName -->
        <test-method is-config="true" signature="generateRandomNumber()[pri:0, instance:smoke_suite.ALC_5649@6b0d80ed]" started-at="2024-10-07T16:54:03 IST" name="generateRandomNumber" finished-at="2024-10-07T16:54:03 IST" duration-ms="0" status="PASS">
          <reporter-output>
          </reporter-output>
        </test-method> <!-- generateRandomNumber -->
        <test-method is-config="true" signature="setup()[pri:0, instance:smoke_suite.ALC_5649@6b0d80ed]" started-at="2024-10-07T16:54:03 IST" name="setup" finished-at="2024-10-07T16:54:14 IST" duration-ms="10837" status="PASS">
          <reporter-output>
          </reporter-output>
        </test-method> <!-- setup -->
        <test-method signature="verify()[pri:0, instance:smoke_suite.ALC_5649@6b0d80ed]" started-at="2024-10-07T16:54:14 IST" name="verify" description="Verify user can download member stories asset." finished-at="2024-10-07T17:05:32 IST" duration-ms="678087" status="PASS">
          <reporter-output>
          </reporter-output>
        </test-method> <!-- verify -->
        <test-method is-config="true" signature="mark_test_status_alchemy_only()[pri:0, instance:smoke_suite.ALC_5649@6b0d80ed]" started-at="2024-10-07T17:05:32 IST" name="mark_test_status_alchemy_only" finished-at="2024-10-07T17:05:34 IST" duration-ms="1230" status="PASS">
          <reporter-output>
          </reporter-output>
        </test-method> <!-- mark_test_status_alchemy_only -->
        <test-method is-config="true" signature="teardownalchemy()[pri:0, instance:smoke_suite.ALC_5649@6b0d80ed]" started-at="2024-10-07T17:05:34 IST" name="teardownalchemy" finished-at="2024-10-07T17:05:34 IST" duration-ms="117" status="PASS">
          <reporter-output>
          </reporter-output>
        </test-method> <!-- teardownalchemy -->
      </class> <!-- smoke_suite.ALC_5649 -->
    </test> <!-- Default test -->
  </suite> <!-- Default suite -->
</testng-results>
