<?xml version="1.0" encoding="UTF-8"?>
<testng-results ignored="0" total="3" passed="3" failed="0" skipped="0">
  <reporter-output>
  </reporter-output>
  <suite started-at="2024-10-09T13:11:46 IST" name="Default suite" finished-at="2024-10-09T13:13:22 IST" duration-ms="95795">
    <groups>
    </groups>
    <test started-at="2024-10-09T13:11:46 IST" name="Default test" finished-at="2024-10-09T13:13:22 IST" duration-ms="95795">
      <class name="smoke_suite.ALC_5661">
        <test-method is-config="true" signature="generateAndroidBenefitname()[pri:0, instance:smoke_suite.ALC_5661@3cfdd820]" started-at="2024-10-09T13:11:46 IST" name="generateAndroidBenefitname" finished-at="2024-10-09T13:11:46 IST" duration-ms="15" status="PASS">
          <reporter-output>
          </reporter-output>
        </test-method> <!-- generateAndroidBenefitname -->
        <test-method is-config="true" signature="generateBenefitName()[pri:0, instance:smoke_suite.ALC_5661@3cfdd820]" started-at="2024-10-09T13:11:46 IST" name="generateBenefitName" finished-at="2024-10-09T13:11:46 IST" duration-ms="1" status="PASS">
          <reporter-output>
          </reporter-output>
        </test-method> <!-- generateBenefitName -->
        <test-method is-config="true" signature="generateBenefitOrderName()[pri:0, instance:smoke_suite.ALC_5661@3cfdd820]" started-at="2024-10-09T13:11:46 IST" name="generateBenefitOrderName" finished-at="2024-10-09T13:11:46 IST" duration-ms="0" status="PASS">
          <reporter-output>
          </reporter-output>
        </test-method> <!-- generateBenefitOrderName -->
        <test-method is-config="true" signature="generateBranchMemberName()[pri:0, instance:smoke_suite.ALC_5661@3cfdd820]" started-at="2024-10-09T13:11:46 IST" name="generateBranchMemberName" finished-at="2024-10-09T13:11:46 IST" duration-ms="1" status="PASS">
          <reporter-output>
          </reporter-output>
        </test-method> <!-- generateBranchMemberName -->
        <test-method is-config="true" signature="generateBonusName()[pri:0, instance:smoke_suite.ALC_5661@3cfdd820]" started-at="2024-10-09T13:11:46 IST" name="generateBonusName" finished-at="2024-10-09T13:11:46 IST" duration-ms="0" status="PASS">
          <reporter-output>
          </reporter-output>
        </test-method> <!-- generateBonusName -->
        <test-method is-config="true" signature="generateBranchName()[pri:0, instance:smoke_suite.ALC_5661@3cfdd820]" started-at="2024-10-09T13:11:46 IST" name="generateBranchName" finished-at="2024-10-09T13:11:46 IST" duration-ms="1" status="PASS">
          <reporter-output>
          </reporter-output>
        </test-method> <!-- generateBranchName -->
        <test-method is-config="true" signature="generateBrandName()[pri:0, instance:smoke_suite.ALC_5661@3cfdd820]" started-at="2024-10-09T13:11:46 IST" name="generateBrandName" finished-at="2024-10-09T13:11:46 IST" duration-ms="1" status="PASS">
          <reporter-output>
          </reporter-output>
        </test-method> <!-- generateBrandName -->
        <test-method is-config="true" signature="generateRandomBranchMemberNumber()[pri:0, instance:smoke_suite.ALC_5661@3cfdd820]" started-at="2024-10-09T13:11:46 IST" name="generateRandomBranchMemberNumber" finished-at="2024-10-09T13:11:46 IST" duration-ms="1" status="PASS">
          <reporter-output>
          </reporter-output>
        </test-method> <!-- generateRandomBranchMemberNumber -->
        <test-method is-config="true" signature="generateRandomLastName()[pri:0, instance:smoke_suite.ALC_5661@3cfdd820]" started-at="2024-10-09T13:11:46 IST" name="generateRandomLastName" finished-at="2024-10-09T13:11:46 IST" duration-ms="1" status="PASS">
          <reporter-output>
          </reporter-output>
        </test-method> <!-- generateRandomLastName -->
        <test-method is-config="true" signature="generateRandomNumber()[pri:0, instance:smoke_suite.ALC_5661@3cfdd820]" started-at="2024-10-09T13:11:46 IST" name="generateRandomNumber" finished-at="2024-10-09T13:11:46 IST" duration-ms="1" status="PASS">
          <reporter-output>
          </reporter-output>
        </test-method> <!-- generateRandomNumber -->
        <test-method is-config="true" signature="setup()[pri:0, instance:smoke_suite.ALC_5661@3cfdd820]" started-at="2024-10-09T13:11:46 IST" name="setup" finished-at="2024-10-09T13:12:11 IST" duration-ms="25160" status="PASS">
          <reporter-output>
          </reporter-output>
        </test-method> <!-- setup -->
        <test-method signature="upload_resource()[pri:0, instance:smoke_suite.ALC_5661@3cfdd820]" started-at="2024-10-09T13:12:11 IST" name="upload_resource" description="Upload a resource" finished-at="2024-10-09T13:12:42 IST" duration-ms="31066" status="PASS">
          <reporter-output>
          </reporter-output>
        </test-method> <!-- upload_resource -->
        <test-method is-config="true" signature="mark_test_status_alchemy_only()[pri:0, instance:smoke_suite.ALC_5661@3cfdd820]" started-at="2024-10-09T13:12:42 IST" name="mark_test_status_alchemy_only" finished-at="2024-10-09T13:12:43 IST" duration-ms="1232" status="PASS">
          <reporter-output>
          </reporter-output>
        </test-method> <!-- mark_test_status_alchemy_only -->
        <test-method signature="openImpactHub()[pri:1, instance:smoke_suite.ALC_5661@3cfdd820]" started-at="2024-10-09T13:12:44 IST" name="openImpactHub" description="Verify when resource  added in Client dashboard is added to the APIs and Resource page under Resource section in impact hub." finished-at="2024-10-09T13:13:09 IST" duration-ms="25338" status="PASS">
          <reporter-output>
          </reporter-output>
        </test-method> <!-- openImpactHub -->
        <test-method is-config="true" signature="mark_test_status_alchemy_only()[pri:0, instance:smoke_suite.ALC_5661@3cfdd820]" started-at="2024-10-09T13:13:09 IST" name="mark_test_status_alchemy_only" finished-at="2024-10-09T13:13:10 IST" duration-ms="1236" status="PASS">
          <reporter-output>
          </reporter-output>
        </test-method> <!-- mark_test_status_alchemy_only -->
        <test-method signature="downloadFile()[pri:2, instance:smoke_suite.ALC_5661@3cfdd820]" started-at="2024-10-09T13:13:10 IST" name="downloadFile" description="Verify that when a user clicks on the assets within the Resources section, the system should download the file." finished-at="2024-10-09T13:13:20 IST" duration-ms="10210" status="PASS">
          <reporter-output>
          </reporter-output>
        </test-method> <!-- downloadFile -->
        <test-method is-config="true" signature="mark_test_status_alchemy_only()[pri:0, instance:smoke_suite.ALC_5661@3cfdd820]" started-at="2024-10-09T13:13:20 IST" name="mark_test_status_alchemy_only" finished-at="2024-10-09T13:13:22 IST" duration-ms="1228" status="PASS">
          <reporter-output>
          </reporter-output>
        </test-method> <!-- mark_test_status_alchemy_only -->
        <test-method is-config="true" signature="teardownalchemy()[pri:0, instance:smoke_suite.ALC_5661@3cfdd820]" started-at="2024-10-09T13:13:22 IST" name="teardownalchemy" finished-at="2024-10-09T13:13:22 IST" duration-ms="122" status="PASS">
          <reporter-output>
          </reporter-output>
        </test-method> <!-- teardownalchemy -->
      </class> <!-- smoke_suite.ALC_5661 -->
    </test> <!-- Default test -->
  </suite> <!-- Default suite -->
</testng-results>
